# JRE version: OpenJDK Runtime Environment (21.0.5) (build 21.0.5+-12932927-b750.29)
# Java VM: OpenJDK 64-Bit Server VM (21.0.5+-12932927-b750.29, mixed mode, tiered, compressed oops, compressed class ptrs, g1 gc, windows-amd64)
GC Precious Log:
 CardTable entry size: 512
 Card Set container configuration: InlinePtr #cards 5 size 8 Array Of Cards #cards 12 size 40 Howl #buckets 4 coarsen threshold 1843 Howl Bitmap #cards 512 size 80 coarsen threshold 460 Card regions per heap region 1 cards per card region 2048
 CPUs: 8 total, 8 available
 Memory: 16149M
 Large Page Support: Disabled
 NUMA Support: Disabled
 Compressed Oops: Enabled (32-bit)
 Heap Region Size: 1M
 Heap Min Capacity: 8M
 Heap Initial Capacity: 254M
 Heap Max Capacity: 2G
 Pre-touch: Disabled
 Parallel Workers: 8
 Concurrent Workers: 2
 Concurrent Refinement Workers: 8
 Periodic GC: Disabled
Heap:
 garbage-first heap   total 218112K, used 156077K [0x0000000080000000, 0x0000000100000000)
  region size 1024K, 35 young (35840K), 7 survivors (7168K)
 Metaspace       used 130164K, committed 132352K, reserved 1179648K
  class space    used 16581K, committed 17664K, reserved 1048576K
GC Heap History (20 events):
Event: 65.898 GC heap before
{Heap before GC invocations=28 (full 0):
 garbage-first heap   total 145408K, used 125471K [0x0000000080000000, 0x0000000100000000)
  region size 1024K, 43 young (44032K), 3 survivors (3072K)
 Metaspace       used 79210K, committed 80896K, reserved 1179648K
  class space    used 10952K, committed 11776K, reserved 1048576K
}
Event: 65.905 GC heap after
{Heap after GC invocations=29 (full 0):
 garbage-first heap   total 145408K, used 85776K [0x0000000080000000, 0x0000000100000000)
  region size 1024K, 5 young (5120K), 5 survivors (5120K)
 Metaspace       used 79210K, committed 80896K, reserved 1179648K
  class space    used 10952K, committed 11776K, reserved 1048576K
}
Event: 67.163 GC heap before
{Heap before GC invocations=30 (full 0):
 garbage-first heap   total 151552K, used 142096K [0x0000000080000000, 0x0000000100000000)
  region size 1024K, 46 young (47104K), 5 survivors (5120K)
 Metaspace       used 85416K, committed 87168K, reserved 1179648K
  class space    used 11713K, committed 12544K, reserved 1048576K
}
Event: 67.171 GC heap after
{Heap after GC invocations=31 (full 0):
 garbage-first heap   total 151552K, used 94826K [0x0000000080000000, 0x0000000100000000)
  region size 1024K, 5 young (5120K), 5 survivors (5120K)
 Metaspace       used 85416K, committed 87168K, reserved 1179648K
  class space    used 11713K, committed 12544K, reserved 1048576K
}
Event: 67.696 GC heap before
{Heap before GC invocations=31 (full 0):
 garbage-first heap   total 151552K, used 136810K [0x0000000080000000, 0x0000000100000000)
  region size 1024K, 46 young (47104K), 5 survivors (5120K)
 Metaspace       used 86147K, committed 87872K, reserved 1179648K
  class space    used 11791K, committed 12608K, reserved 1048576K
}
Event: 67.720 GC heap after
{Heap after GC invocations=32 (full 0):
 garbage-first heap   total 155648K, used 99277K [0x0000000080000000, 0x0000000100000000)
  region size 1024K, 6 young (6144K), 6 survivors (6144K)
 Metaspace       used 86147K, committed 87872K, reserved 1179648K
  class space    used 11791K, committed 12608K, reserved 1048576K
}
Event: 68.355 GC heap before
{Heap before GC invocations=32 (full 0):
 garbage-first heap   total 155648K, used 124877K [0x0000000080000000, 0x0000000100000000)
  region size 1024K, 32 young (32768K), 6 survivors (6144K)
 Metaspace       used 89936K, committed 91648K, reserved 1179648K
  class space    used 12227K, committed 13056K, reserved 1048576K
}
Event: 68.367 GC heap after
{Heap after GC invocations=33 (full 0):
 garbage-first heap   total 155648K, used 101974K [0x0000000080000000, 0x0000000100000000)
  region size 1024K, 2 young (2048K), 2 survivors (2048K)
 Metaspace       used 89936K, committed 91648K, reserved 1179648K
  class space    used 12227K, committed 13056K, reserved 1048576K
}
Event: 69.451 GC heap before
{Heap before GC invocations=34 (full 0):
 garbage-first heap   total 181248K, used 144982K [0x0000000080000000, 0x0000000100000000)
  region size 1024K, 38 young (38912K), 2 survivors (2048K)
 Metaspace       used 93762K, committed 95424K, reserved 1179648K
  class space    used 12603K, committed 13440K, reserved 1048576K
}
Event: 69.459 GC heap after
{Heap after GC invocations=35 (full 0):
 garbage-first heap   total 181248K, used 111079K [0x0000000080000000, 0x0000000100000000)
  region size 1024K, 5 young (5120K), 5 survivors (5120K)
 Metaspace       used 93762K, committed 95424K, reserved 1179648K
  class space    used 12603K, committed 13440K, reserved 1048576K
}
Event: 70.759 GC heap before
{Heap before GC invocations=35 (full 0):
 garbage-first heap   total 181248K, used 161255K [0x0000000080000000, 0x0000000100000000)
  region size 1024K, 54 young (55296K), 5 survivors (5120K)
 Metaspace       used 100287K, committed 102400K, reserved 1179648K
  class space    used 13372K, committed 14400K, reserved 1048576K
}
Event: 70.772 GC heap after
{Heap after GC invocations=36 (full 0):
 garbage-first heap   total 181248K, used 111925K [0x0000000080000000, 0x0000000100000000)
  region size 1024K, 6 young (6144K), 6 survivors (6144K)
 Metaspace       used 100287K, committed 102400K, reserved 1179648K
  class space    used 13372K, committed 14400K, reserved 1048576K
}
Event: 71.779 GC heap before
{Heap before GC invocations=36 (full 0):
 garbage-first heap   total 181248K, used 150837K [0x0000000080000000, 0x0000000100000000)
  region size 1024K, 45 young (46080K), 6 survivors (6144K)
 Metaspace       used 105744K, committed 107840K, reserved 1179648K
  class space    used 14063K, committed 15104K, reserved 1048576K
}
Event: 71.790 GC heap after
{Heap after GC invocations=37 (full 0):
 garbage-first heap   total 218112K, used 115249K [0x0000000080000000, 0x0000000100000000)
  region size 1024K, 6 young (6144K), 6 survivors (6144K)
 Metaspace       used 105744K, committed 107840K, reserved 1179648K
  class space    used 14063K, committed 15104K, reserved 1048576K
}
Event: 73.156 GC heap before
{Heap before GC invocations=37 (full 0):
 garbage-first heap   total 218112K, used 195121K [0x0000000080000000, 0x0000000100000000)
  region size 1024K, 83 young (84992K), 6 survivors (6144K)
 Metaspace       used 109863K, committed 111936K, reserved 1179648K
  class space    used 14501K, committed 15488K, reserved 1048576K
}
Event: 73.170 GC heap after
{Heap after GC invocations=38 (full 0):
 garbage-first heap   total 218112K, used 120895K [0x0000000080000000, 0x0000000100000000)
  region size 1024K, 11 young (11264K), 11 survivors (11264K)
 Metaspace       used 109863K, committed 111936K, reserved 1179648K
  class space    used 14501K, committed 15488K, reserved 1048576K
}
Event: 74.849 GC heap before
{Heap before GC invocations=38 (full 0):
 garbage-first heap   total 218112K, used 193599K [0x0000000080000000, 0x0000000100000000)
  region size 1024K, 82 young (83968K), 11 survivors (11264K)
 Metaspace       used 119283K, committed 121344K, reserved 1179648K
  class space    used 15566K, committed 16576K, reserved 1048576K
}
Event: 74.867 GC heap after
{Heap after GC invocations=39 (full 0):
 garbage-first heap   total 218112K, used 126181K [0x0000000080000000, 0x0000000100000000)
  region size 1024K, 6 young (6144K), 6 survivors (6144K)
 Metaspace       used 119283K, committed 121344K, reserved 1179648K
  class space    used 15566K, committed 16576K, reserved 1048576K
}
Event: 76.903 GC heap before
{Heap before GC invocations=40 (full 0):
 garbage-first heap   total 218112K, used 198885K [0x0000000080000000, 0x0000000100000000)
  region size 1024K, 77 young (78848K), 6 survivors (6144K)
 Metaspace       used 130061K, committed 132224K, reserved 1179648K
  class space    used 16581K, committed 17664K, reserved 1048576K
}
Event: 76.911 GC heap after
{Heap after GC invocations=41 (full 0):
 garbage-first heap   total 218112K, used 127405K [0x0000000080000000, 0x0000000100000000)
  region size 1024K, 7 young (7168K), 7 survivors (7168K)
 Metaspace       used 130061K, committed 132224K, reserved 1179648K
  class space    used 16581K, committed 17664K, reserved 1048576K
}

